<?xml version="1.0" encoding="UTF-8"?>
<testsuite xmlns:xsi="http://www.w3.org/2001/XMLSchema-instance" xsi:noNamespaceSchemaLocation="https://maven.apache.org/surefire/maven-surefire-plugin/xsd/surefire-test-report-3.0.xsd" version="3.0" name="TestSuite" time="0.869" tests="10" errors="0" skipped="0" failures="0">
  <properties>
    <property name="sun.desktop" value="gnome"/>
    <property name="awt.toolkit" value="sun.awt.X11.XToolkit"/>
    <property name="file.encoding.pkg" value="sun.io"/>
    <property name="java.specification.version" value="1.8"/>
    <property name="sun.cpu.isalist" value=""/>
    <property name="sun.jnu.encoding" value="UTF-8"/>
    <property name="java.class.path" value="/home/hendrick/Documentos/IPC2/practica07/target/test-classes:/home/hendrick/Documentos/IPC2/practica07/target/classes:/home/hendrick/.m2/repository/org/testng/testng/7.5/testng-7.5.jar:/home/hendrick/.m2/repository/com/google/code/findbugs/jsr305/3.0.1/jsr305-3.0.1.jar:/home/hendrick/.m2/repository/org/slf4j/slf4j-api/1.7.32/slf4j-api-1.7.32.jar:/home/hendrick/.m2/repository/com/beust/jcommander/1.78/jcommander-1.78.jar:/home/hendrick/.m2/repository/org/webjars/jquery/3.5.1/jquery-3.5.1.jar:/home/hendrick/.m2/repository/mysql/mysql-connector-java/8.0.28/mysql-connector-java-8.0.28.jar:/home/hendrick/.m2/repository/com/google/protobuf/protobuf-java/3.11.4/protobuf-java-3.11.4.jar:"/>
    <property name="java.vm.vendor" value="Private Build"/>
    <property name="sun.arch.data.model" value="64"/>
    <property name="java.vendor.url" value="http://java.oracle.com/"/>
    <property name="user.timezone" value="America/Guatemala"/>
    <property name="java.vm.specification.version" value="1.8"/>
    <property name="os.name" value="Linux"/>
    <property name="sun.java.launcher" value="SUN_STANDARD"/>
    <property name="user.country" value="GT"/>
    <property name="sun.boot.library.path" value="/usr/lib/jvm/java-8-openjdk-amd64/jre/lib/amd64"/>
    <property name="sun.java.command" value="/home/hendrick/Documentos/IPC2/practica07/target/surefire/surefirebooter43530349591333866.jar /home/hendrick/Documentos/IPC2/practica07/target/surefire 2022-03-25T18-46-31_286-jvmRun1 surefire4619502808263430196tmp surefire_06884551859303630490tmp"/>
    <property name="surefire.test.class.path" value="/home/hendrick/Documentos/IPC2/practica07/target/test-classes:/home/hendrick/Documentos/IPC2/practica07/target/classes:/home/hendrick/.m2/repository/org/testng/testng/7.5/testng-7.5.jar:/home/hendrick/.m2/repository/com/google/code/findbugs/jsr305/3.0.1/jsr305-3.0.1.jar:/home/hendrick/.m2/repository/org/slf4j/slf4j-api/1.7.32/slf4j-api-1.7.32.jar:/home/hendrick/.m2/repository/com/beust/jcommander/1.78/jcommander-1.78.jar:/home/hendrick/.m2/repository/org/webjars/jquery/3.5.1/jquery-3.5.1.jar:/home/hendrick/.m2/repository/mysql/mysql-connector-java/8.0.28/mysql-connector-java-8.0.28.jar:/home/hendrick/.m2/repository/com/google/protobuf/protobuf-java/3.11.4/protobuf-java-3.11.4.jar:"/>
    <property name="sun.cpu.endian" value="little"/>
    <property name="user.home" value="/home/hendrick"/>
    <property name="user.language" value="es"/>
    <property name="java.specification.vendor" value="Oracle Corporation"/>
    <property name="java.home" value="/usr/lib/jvm/java-8-openjdk-amd64/jre"/>
    <property name="basedir" value="/home/hendrick/Documentos/IPC2/practica07"/>
    <property name="file.separator" value="/"/>
    <property name="line.separator" value="&#10;"/>
    <property name="java.vm.specification.vendor" value="Oracle Corporation"/>
    <property name="java.specification.name" value="Java Platform API Specification"/>
    <property name="java.awt.graphicsenv" value="sun.awt.X11GraphicsEnvironment"/>
    <property name="surefire.real.class.path" value="/home/hendrick/Documentos/IPC2/practica07/target/surefire/surefirebooter43530349591333866.jar"/>
    <property name="sun.boot.class.path" value="/usr/lib/jvm/java-8-openjdk-amd64/jre/lib/resources.jar:/usr/lib/jvm/java-8-openjdk-amd64/jre/lib/rt.jar:/usr/lib/jvm/java-8-openjdk-amd64/jre/lib/sunrsasign.jar:/usr/lib/jvm/java-8-openjdk-amd64/jre/lib/jsse.jar:/usr/lib/jvm/java-8-openjdk-amd64/jre/lib/jce.jar:/usr/lib/jvm/java-8-openjdk-amd64/jre/lib/charsets.jar:/usr/lib/jvm/java-8-openjdk-amd64/jre/lib/jfr.jar:/usr/lib/jvm/java-8-openjdk-amd64/jre/classes"/>
    <property name="sun.management.compiler" value="HotSpot 64-Bit Tiered Compilers"/>
    <property name="java.runtime.version" value="1.8.0_312-8u312-b07-0ubuntu1~20.04-b07"/>
    <property name="user.name" value="hendrick"/>
    <property name="path.separator" value=":"/>
    <property name="os.version" value="5.13.0-37-generic"/>
    <property name="java.endorsed.dirs" value="/usr/lib/jvm/java-8-openjdk-amd64/jre/lib/endorsed"/>
    <property name="java.runtime.name" value="OpenJDK Runtime Environment"/>
    <property name="file.encoding" value="UTF-8"/>
    <property name="java.vm.name" value="OpenJDK 64-Bit Server VM"/>
    <property name="maven.ext.class.path" value="/snap/netbeans/58/netbeans/java/maven-nblib/netbeans-eventspy.jar"/>
    <property name="localRepository" value="/home/hendrick/.m2/repository"/>
    <property name="java.vendor.url.bug" value="http://bugreport.sun.com/bugreport/"/>
    <property name="java.io.tmpdir" value="/tmp"/>
    <property name="java.version" value="1.8.0_312"/>
    <property name="user.dir" value="/home/hendrick/Documentos/IPC2/practica07"/>
    <property name="os.arch" value="amd64"/>
    <property name="java.vm.specification.name" value="Java Virtual Machine Specification"/>
    <property name="java.awt.printerjob" value="sun.print.PSPrinterJob"/>
    <property name="sun.os.patch.level" value="unknown"/>
    <property name="java.library.path" value="/usr/java/packages/lib/amd64:/usr/lib/x86_64-linux-gnu/jni:/lib/x86_64-linux-gnu:/usr/lib/x86_64-linux-gnu:/usr/lib/jni:/lib:/usr/lib"/>
    <property name="java.vm.info" value="mixed mode"/>
    <property name="java.vendor" value="Private Build"/>
    <property name="java.vm.version" value="25.312-b07"/>
    <property name="netbeans.testng.action" value="true"/>
    <property name="java.ext.dirs" value="/usr/lib/jvm/java-8-openjdk-amd64/jre/lib/ext:/usr/java/packages/lib/ext"/>
    <property name="sun.io.unicode.encoding" value="UnicodeLittle"/>
    <property name="java.class.version" value="52.0"/>
  </properties>
  <testcase name="testGetProductos" classname="com.cunori.test.TestProductos" time="0.247">
    <system-out><![CDATA[8
]]></system-out>
    <system-err><![CDATA[SLF4J: Failed to load class "org.slf4j.impl.StaticLoggerBinder".
SLF4J: Defaulting to no-operation (NOP) logger implementation
SLF4J: See http://www.slf4j.org/codes.html#StaticLoggerBinder for further details.
]]></system-err>
  </testcase>
  <testcase name="testRestar" classname="com.cunori.test.Aritmetica" time="0.001">
    <system-out><![CDATA[Antes del test
@BeforeMethod
testRestart
]]></system-out>
  </testcase>
  <testcase name="testRestar2" classname="com.cunori.test.Aritmetica" time="0">
    <system-out><![CDATA[@AfterMethod
@BeforeMethod
testRestar2
]]></system-out>
  </testcase>
  <testcase name="testRestar2" classname="com.cunori.test.Aritmetica" time="0.002">
    <system-out><![CDATA[@AfterMethod
Despues del test
testRestar2
]]></system-out>
  </testcase>
  <testcase name="testSumar" classname="com.cunori.test.Aritmetica" time="0.002">
    <system-out><![CDATA[@AfterMethod
@BeforeMethod
testSumar
]]></system-out>
  </testcase>
  <testcase name="testSumar" classname="com.cunori.test.Aritmetica" time="0.001">
    <system-out><![CDATA[testSumar
]]></system-out>
  </testcase>
  <testcase name="testSumar" classname="com.cunori.test.Aritmetica" time="0">
    <system-out><![CDATA[Antes del test
@BeforeMethod
testSumar
]]></system-out>
  </testcase>
  <testcase name="testSumar2" classname="com.cunori.test.Aritmetica" time="0">
    <system-out><![CDATA[@AfterMethod
@BeforeMethod
testSumar2
]]></system-out>
  </testcase>
  <testcase name="testSumar2" classname="com.cunori.test.Aritmetica" time="0">
    <system-out><![CDATA[testSumar2
]]></system-out>
  </testcase>
  <testcase name="testSumar2" classname="com.cunori.test.Aritmetica" time="0">
    <system-out><![CDATA[@AfterMethod
@BeforeMethod
testSumar2
]]></system-out>
  </testcase>
</testsuite>