<?xml version="1.0" encoding="UTF-8"?>
<!-- Generated by org.testng.reporters.JUnitReportReporter -->
<testsuite skipped="0" hostname="alpha" name="com.cunori.test.TestProductos" tests="1" failures="0" timestamp="2022-03-25T18:46:32 CST" time="0.248" errors="0">
  <testcase name="testGetProductos" time="0.248" classname="com.cunori.test.TestProductos"/>
  <system-out/>
</testsuite> <!-- com.cunori.test.TestProductos -->
