<?xml version="1.0" encoding="UTF-8"?>
<!-- Generated by org.testng.reporters.JUnitReportReporter -->
<testsuite skipped="0" hostname="alpha" name="com.cunori.test.Aritmetica" tests="9" failures="0" timestamp="2022-03-25T18:46:32 CST" time="0.021" errors="0">
  <testcase name="testSumar2" time="0.008" classname="com.cunori.test.Aritmetica"/>
  <system-out/>
  <testcase name="testSumar2" time="0.001" classname="com.cunori.test.Aritmetica"/>
  <system-out/>
  <testcase name="testSumar2" time="0.001" classname="com.cunori.test.Aritmetica"/>
  <system-out/>
  <testcase name="testRestar2" time="0.000" classname="com.cunori.test.Aritmetica"/>
  <system-out/>
  <testcase name="testSumar" time="0.002" classname="com.cunori.test.Aritmetica"/>
  <system-out/>
  <testcase name="testSumar" time="0.004" classname="com.cunori.test.Aritmetica"/>
  <system-out/>
  <testcase name="testSumar" time="0.000" classname="com.cunori.test.Aritmetica"/>
  <system-out/>
  <testcase name="testRestar" time="0.002" classname="com.cunori.test.Aritmetica"/>
  <system-out/>
  <testcase name="testRestar2" time="0.003" classname="com.cunori.test.Aritmetica"/>
  <system-out/>
</testsuite> <!-- com.cunori.test.Aritmetica -->
